
*** Running vivado
    with args -log mystery.vds -m64 -product Vivado -mode batch -messageDb vivado.pb -notrace -source mystery.tcl


****** Vivado v2019.2 (64-bit)
  **** SW Build 2708876 on Wed Nov  6 21:39:14 MST 2019
  **** IP Build 2700528 on Thu Nov  7 00:09:20 MST 2019
    ** Copyright 1986-2019 Xilinx, Inc. All Rights Reserved.

source mystery.tcl -notrace
Command: synth_design -top mystery -part xc7k70tfbv676-1
Starting synth_design
Attempting to get a license for feature 'Synthesis' and/or device 'xc7k70t'
INFO: [Common 17-349] Got license for feature 'Synthesis' and/or device 'xc7k70t'
INFO: Launching helper process for spawning children vivado processes
INFO: Helper process launched with PID 9806 
---------------------------------------------------------------------------------
Starting Synthesize : Time (s): cpu = 00:00:03 ; elapsed = 00:00:03 . Memory (MB): peak = 1623.504 ; gain = 183.570 ; free physical = 1178 ; free virtual = 23674
---------------------------------------------------------------------------------
INFO: [Synth 8-6157] synthesizing module 'mystery' [/home/cr1tterp0wer/CSC340Lab3/CSC340Lab3.srcs/sources_1/new/mystery.v:4]
WARNING: [Synth 8-4446] all outputs are unconnected for this instance and logic may be removed [/home/cr1tterp0wer/CSC340Lab3/CSC340Lab3.srcs/sources_1/new/mystery.v:18]
INFO: [Synth 8-6157] synthesizing module 'myInverter' [/home/cr1tterp0wer/CSC340Lab3/CSC340Lab3.srcs/sources_1/new/myInverter.v:4]
WARNING: [Synth 8-6104] Input port 'OUT' has an internal driver [/home/cr1tterp0wer/CSC340Lab3/CSC340Lab3.srcs/sources_1/new/myInverter.v:9]
INFO: [Synth 8-6155] done synthesizing module 'myInverter' (1#1) [/home/cr1tterp0wer/CSC340Lab3/CSC340Lab3.srcs/sources_1/new/myInverter.v:4]
INFO: [Synth 8-6157] synthesizing module 'myAnd' [/home/cr1tterp0wer/CSC340Lab3/CSC340Lab3.srcs/sources_1/new/myAnd.v:4]
INFO: [Synth 8-6155] done synthesizing module 'myAnd' (2#1) [/home/cr1tterp0wer/CSC340Lab3/CSC340Lab3.srcs/sources_1/new/myAnd.v:4]
INFO: [Synth 8-6157] synthesizing module 'myOr' [/home/cr1tterp0wer/CSC340Lab3/CSC340Lab3.srcs/sources_1/new/myOr.v:4]
INFO: [Synth 8-6155] done synthesizing module 'myOr' (3#1) [/home/cr1tterp0wer/CSC340Lab3/CSC340Lab3.srcs/sources_1/new/myOr.v:4]
WARNING: [Synth 8-3848] Net OUTInverter in module/entity mystery does not have driver. [/home/cr1tterp0wer/CSC340Lab3/CSC340Lab3.srcs/sources_1/new/mystery.v:14]
INFO: [Synth 8-6155] done synthesizing module 'mystery' (4#1) [/home/cr1tterp0wer/CSC340Lab3/CSC340Lab3.srcs/sources_1/new/mystery.v:4]
---------------------------------------------------------------------------------
Finished Synthesize : Time (s): cpu = 00:00:03 ; elapsed = 00:00:04 . Memory (MB): peak = 1685.254 ; gain = 245.320 ; free physical = 1224 ; free virtual = 23708
---------------------------------------------------------------------------------
---------------------------------------------------------------------------------
Finished Constraint Validation : Time (s): cpu = 00:00:04 ; elapsed = 00:00:05 . Memory (MB): peak = 1688.223 ; gain = 248.289 ; free physical = 1223 ; free virtual = 23706
---------------------------------------------------------------------------------
---------------------------------------------------------------------------------
Start Loading Part and Timing Information
---------------------------------------------------------------------------------
Loading part: xc7k70tfbv676-1
INFO: [Device 21-403] Loading part xc7k70tfbv676-1
---------------------------------------------------------------------------------
Finished Loading Part and Timing Information : Time (s): cpu = 00:00:04 ; elapsed = 00:00:05 . Memory (MB): peak = 1696.227 ; gain = 256.293 ; free physical = 1222 ; free virtual = 23705
---------------------------------------------------------------------------------
---------------------------------------------------------------------------------
Finished RTL Optimization Phase 2 : Time (s): cpu = 00:00:04 ; elapsed = 00:00:05 . Memory (MB): peak = 1702.164 ; gain = 262.230 ; free physical = 1221 ; free virtual = 23706
---------------------------------------------------------------------------------

Report RTL Partitions: 
+-+--------------+------------+----------+
| |RTL Partition |Replication |Instances |
+-+--------------+------------+----------+
+-+--------------+------------+----------+
No constraint files found.
---------------------------------------------------------------------------------
Start RTL Component Statistics 
---------------------------------------------------------------------------------
Detailed RTL Component Info : 
---------------------------------------------------------------------------------
Finished RTL Component Statistics 
---------------------------------------------------------------------------------
---------------------------------------------------------------------------------
Start RTL Hierarchical Component Statistics 
---------------------------------------------------------------------------------
Hierarchical RTL Component report 
---------------------------------------------------------------------------------
Finished RTL Hierarchical Component Statistics
---------------------------------------------------------------------------------
---------------------------------------------------------------------------------
Start Part Resource Summary
---------------------------------------------------------------------------------
Part Resources:
DSPs: 240 (col length:80)
BRAMs: 270 (col length: RAMB18 80 RAMB36 40)
---------------------------------------------------------------------------------
Finished Part Resource Summary
---------------------------------------------------------------------------------
No constraint files found.
---------------------------------------------------------------------------------
Start Cross Boundary and Area Optimization
---------------------------------------------------------------------------------
Warning: Parallel synthesis criteria is not met 
---------------------------------------------------------------------------------
Finished Cross Boundary and Area Optimization : Time (s): cpu = 00:00:07 ; elapsed = 00:00:09 . Memory (MB): peak = 1816.609 ; gain = 376.676 ; free physical = 1105 ; free virtual = 23528
---------------------------------------------------------------------------------

Report RTL Partitions: 
+-+--------------+------------+----------+
| |RTL Partition |Replication |Instances |
+-+--------------+------------+----------+
+-+--------------+------------+----------+
No constraint files found.
---------------------------------------------------------------------------------
Start Timing Optimization
---------------------------------------------------------------------------------
---------------------------------------------------------------------------------
Finished Timing Optimization : Time (s): cpu = 00:00:07 ; elapsed = 00:00:09 . Memory (MB): peak = 1816.609 ; gain = 376.676 ; free physical = 1102 ; free virtual = 23526
---------------------------------------------------------------------------------

Report RTL Partitions: 
+-+--------------+------------+----------+
| |RTL Partition |Replication |Instances |
+-+--------------+------------+----------+
+-+--------------+------------+----------+
---------------------------------------------------------------------------------
Start Technology Mapping
---------------------------------------------------------------------------------
---------------------------------------------------------------------------------
Finished Technology Mapping : Time (s): cpu = 00:00:07 ; elapsed = 00:00:09 . Memory (MB): peak = 1816.609 ; gain = 376.676 ; free physical = 1103 ; free virtual = 23526
---------------------------------------------------------------------------------

Report RTL Partitions: 
+-+--------------+------------+----------+
| |RTL Partition |Replication |Instances |
+-+--------------+------------+----------+
+-+--------------+------------+----------+
---------------------------------------------------------------------------------
Start IO Insertion
---------------------------------------------------------------------------------
---------------------------------------------------------------------------------
Start Flattening Before IO Insertion
---------------------------------------------------------------------------------
---------------------------------------------------------------------------------
Finished Flattening Before IO Insertion
---------------------------------------------------------------------------------
---------------------------------------------------------------------------------
Start Final Netlist Cleanup
---------------------------------------------------------------------------------
---------------------------------------------------------------------------------
Finished Final Netlist Cleanup
---------------------------------------------------------------------------------
---------------------------------------------------------------------------------
Finished IO Insertion : Time (s): cpu = 00:00:09 ; elapsed = 00:00:11 . Memory (MB): peak = 1816.609 ; gain = 376.676 ; free physical = 1102 ; free virtual = 23526
---------------------------------------------------------------------------------
---------------------------------------------------------------------------------
Start Renaming Generated Instances
---------------------------------------------------------------------------------
---------------------------------------------------------------------------------
Finished Renaming Generated Instances : Time (s): cpu = 00:00:09 ; elapsed = 00:00:11 . Memory (MB): peak = 1816.609 ; gain = 376.676 ; free physical = 1102 ; free virtual = 23526
---------------------------------------------------------------------------------

Report RTL Partitions: 
+-+--------------+------------+----------+
| |RTL Partition |Replication |Instances |
+-+--------------+------------+----------+
+-+--------------+------------+----------+

Report Check Netlist: 
+------+------------------+-------+---------+-------+------------------+
|      |Item              |Errors |Warnings |Status |Description       |
+------+------------------+-------+---------+-------+------------------+
|1     |multi_driven_nets |      0|        0|Passed |Multi driven nets |
+------+------------------+-------+---------+-------+------------------+
---------------------------------------------------------------------------------
Start Rebuilding User Hierarchy
---------------------------------------------------------------------------------
---------------------------------------------------------------------------------
Finished Rebuilding User Hierarchy : Time (s): cpu = 00:00:09 ; elapsed = 00:00:11 . Memory (MB): peak = 1816.609 ; gain = 376.676 ; free physical = 1102 ; free virtual = 23526
---------------------------------------------------------------------------------
---------------------------------------------------------------------------------
Start Renaming Generated Ports
---------------------------------------------------------------------------------
---------------------------------------------------------------------------------
Finished Renaming Generated Ports : Time (s): cpu = 00:00:09 ; elapsed = 00:00:11 . Memory (MB): peak = 1816.609 ; gain = 376.676 ; free physical = 1102 ; free virtual = 23526
---------------------------------------------------------------------------------
---------------------------------------------------------------------------------
Start Handling Custom Attributes
---------------------------------------------------------------------------------
---------------------------------------------------------------------------------
Finished Handling Custom Attributes : Time (s): cpu = 00:00:09 ; elapsed = 00:00:11 . Memory (MB): peak = 1816.609 ; gain = 376.676 ; free physical = 1102 ; free virtual = 23526
---------------------------------------------------------------------------------
---------------------------------------------------------------------------------
Start Renaming Generated Nets
---------------------------------------------------------------------------------
---------------------------------------------------------------------------------
Finished Renaming Generated Nets : Time (s): cpu = 00:00:09 ; elapsed = 00:00:11 . Memory (MB): peak = 1816.609 ; gain = 376.676 ; free physical = 1102 ; free virtual = 23526
---------------------------------------------------------------------------------
---------------------------------------------------------------------------------
Start Writing Synthesis Report
---------------------------------------------------------------------------------

Report BlackBoxes: 
+-+--------------+----------+
| |BlackBox name |Instances |
+-+--------------+----------+
+-+--------------+----------+

Report Cell Usage: 
+------+-----+------+
|      |Cell |Count |
+------+-----+------+
|1     |LUT3 |     1|
|2     |IBUF |     3|
|3     |OBUF |     1|
+------+-----+------+

Report Instance Areas: 
+------+---------+-------+------+
|      |Instance |Module |Cells |
+------+---------+-------+------+
|1     |top      |       |     5|
+------+---------+-------+------+
---------------------------------------------------------------------------------
Finished Writing Synthesis Report : Time (s): cpu = 00:00:09 ; elapsed = 00:00:11 . Memory (MB): peak = 1816.609 ; gain = 376.676 ; free physical = 1102 ; free virtual = 23526
---------------------------------------------------------------------------------
Synthesis finished with 0 errors, 0 critical warnings and 3 warnings.
Synthesis Optimization Runtime : Time (s): cpu = 00:00:09 ; elapsed = 00:00:11 . Memory (MB): peak = 1816.609 ; gain = 376.676 ; free physical = 1103 ; free virtual = 23527
Synthesis Optimization Complete : Time (s): cpu = 00:00:09 ; elapsed = 00:00:11 . Memory (MB): peak = 1816.617 ; gain = 376.676 ; free physical = 1103 ; free virtual = 23527
INFO: [Project 1-571] Translating synthesized netlist
Netlist sorting complete. Time (s): cpu = 00:00:00 ; elapsed = 00:00:00 . Memory (MB): peak = 1823.547 ; gain = 0.000 ; free physical = 1102 ; free virtual = 23562
INFO: [Project 1-570] Preparing netlist for logic optimization
INFO: [Opt 31-138] Pushed 0 inverter(s) to 0 load pin(s).
Netlist sorting complete. Time (s): cpu = 00:00:00 ; elapsed = 00:00:00 . Memory (MB): peak = 1896.234 ; gain = 0.000 ; free physical = 1083 ; free virtual = 23476
INFO: [Project 1-111] Unisim Transformation Summary:
No Unisim elements were transformed.

INFO: [Common 17-83] Releasing license: Synthesis
15 Infos, 3 Warnings, 0 Critical Warnings and 0 Errors encountered.
synth_design completed successfully
synth_design: Time (s): cpu = 00:00:13 ; elapsed = 00:00:16 . Memory (MB): peak = 1896.234 ; gain = 456.449 ; free physical = 1209 ; free virtual = 23601
Netlist sorting complete. Time (s): cpu = 00:00:00 ; elapsed = 00:00:00 . Memory (MB): peak = 1896.234 ; gain = 0.000 ; free physical = 1211 ; free virtual = 23603
WARNING: [Constraints 18-5210] No constraints selected for write.
Resolution: This message can indicate that there are no constraints for the design, or it can indicate that the used_in flags are set such that the constraints are ignored. This later case is used when running synth_design to not write synthesis constraints to the resulting checkpoint. Instead, project constraints are read when the synthesized design is opened.
INFO: [Common 17-1381] The checkpoint '/home/cr1tterp0wer/CSC340Lab3/CSC340Lab3.runs/synth_1/mystery.dcp' has been generated.
INFO: [runtcl-4] Executing : report_utilization -file mystery_utilization_synth.rpt -pb mystery_utilization_synth.pb
INFO: [Common 17-206] Exiting Vivado at Sun Feb 23 15:44:18 2020...
